Using pre-set license
Built from '2020.3/staging' branch; Version is '2020.3.0f1 (c7b5465681fb) revision 13088070'; Using compiler version '192528614'; Build Type 'Release'
OS: 'Windows 10 Pro; OS build 19042.1110; Version 2009; 64bit' Language: 'en' Physical Memory: 16315 MB
BatchMode: 1, IsHumanControllingUs: 0, StartBugReporterOnCrash: 0, Is64bit: 1, IsPro: 0

 COMMAND LINE ARGUMENTS:
C:\Program Files\Unity\Hub\Editor\2020.3.0f1\Editor\Unity.exe
-adb2
-batchMode
-noUpm
-name
AssetImportWorker0
-projectPath
G:/Game Maker/Projects Unity/Sample Project/PacMan - TechChallenge
-logFile
Logs/AssetImportWorker0.log
-srvPort
58252
Successfully changed project path to: G:/Game Maker/Projects Unity/Sample Project/PacMan - TechChallenge
G:/Game Maker/Projects Unity/Sample Project/PacMan - TechChallenge
Using Asset Import Pipeline V2.
Refreshing native plugins compatible for Editor in 53.02 ms, found 1 plugins.
Preloading 0 native plugins for Editor in 0.00 ms.
Initialize engine version: 2020.3.0f1 (c7b5465681fb)
[Subsystems] Discovering subsystems at path C:/Program Files/Unity/Hub/Editor/2020.3.0f1/Editor/Data/Resources/UnitySubsystems
[Subsystems] Discovering subsystems at path G:/Game Maker/Projects Unity/Sample Project/PacMan - TechChallenge/Assets
GfxDevice: creating device client; threaded=0
Direct3D:
    Version:  Direct3D 11.0 [level 11.1]
    Renderer: Radeon RX 570 Series (ID=0x67df)
    Vendor:   
    VRAM:     4075 MB
    Driver:   27.20.15003.1004
Initialize mono
Mono path[0] = 'C:/Program Files/Unity/Hub/Editor/2020.3.0f1/Editor/Data/Managed'
Mono path[1] = 'C:/Program Files/Unity/Hub/Editor/2020.3.0f1/Editor/Data/MonoBleedingEdge/lib/mono/unityjit'
Mono config path = 'C:/Program Files/Unity/Hub/Editor/2020.3.0f1/Editor/Data/MonoBleedingEdge/etc'
Using monoOptions --debugger-agent=transport=dt_socket,embedding=1,server=y,suspend=n,address=127.0.0.1:56616
Begin MonoManager ReloadAssembly
Registering precompiled unity dll's ...
Register platform support module: C:/Program Files/Unity/Hub/Editor/2020.3.0f1/Editor/Data/PlaybackEngines/WindowsStandaloneSupport/UnityEditor.WindowsStandalone.Extensions.dll
Register platform support module: C:/Program Files/Unity/Hub/Editor/2020.3.0f1/Editor/Data/PlaybackEngines/LinuxStandaloneSupport/UnityEditor.LinuxStandalone.Extensions.dll
Registered in 0.004097 seconds.
Native extension for LinuxStandalone target not found
Native extension for WindowsStandalone target not found
Refreshing native plugins compatible for Editor in 51.11 ms, found 1 plugins.
Preloading 0 native plugins for Editor in 0.00 ms.
Invoked RoslynAnalysisRunner static constructor.
RoslynAnalysisRunner will not be running.
RoslynAnalysisRunner has terminated.
Mono: successfully reloaded assembly
- Completed reload, in  1.791 seconds
Platform modules already initialized, skipping
Registering precompiled user dll's ...
Registered in 0.001235 seconds.
Begin MonoManager ReloadAssembly
Native extension for LinuxStandalone target not found
Native extension for WindowsStandalone target not found
Refreshing native plugins compatible for Editor in 57.17 ms, found 1 plugins.
Preloading 0 native plugins for Editor in 0.00 ms.
Invoked RoslynAnalysisRunner static constructor.
RoslynAnalysisRunner will not be running.
RoslynAnalysisRunner has terminated.
Mono: successfully reloaded assembly
- Completed reload, in  1.342 seconds
Platform modules already initialized, skipping
========================================================================
Worker process is ready to serve import requests
Launched and connected shader compiler UnityShaderCompiler.exe after 0.06 seconds
Refreshing native plugins compatible for Editor in 0.53 ms, found 1 plugins.
Preloading 0 native plugins for Editor in 0.00 ms.
Unloading 2130 Unused Serialized files (Serialized files now loaded: 0)
System memory in use before: 97.6 MB.
System memory in use after: 97.7 MB.

Unloading 21 unused Assets to reduce memory usage. Loaded Objects now: 2579.
Total: 2.645300 ms (FindLiveObjects: 0.337800 ms CreateObjectMapping: 0.072600 ms MarkObjects: 2.151300 ms  DeleteObjects: 0.081900 ms)

========================================================================
Received Import Request.
  path: Assets/Scripts/PacMan_Controller.cs
  artifactKey: Guid(db1bf2724225ba34facc76a9d535d91a) Importer(815301076,1909f56bfc062723c751e8b465ee728b)
Start importing Assets/Scripts/PacMan_Controller.cs using Guid(db1bf2724225ba34facc76a9d535d91a) Importer(815301076,1909f56bfc062723c751e8b465ee728b)  -> (artifact id: '356b73dac1e7ed9d40bac188ac6f000a') in 0.309673 seconds
  Import took 0.332105 seconds .

========================================================================
Received Prepare
Registering precompiled user dll's ...
Registered in 0.001298 seconds.
Begin MonoManager ReloadAssembly
Native extension for LinuxStandalone target not found
Native extension for WindowsStandalone target not found
Refreshing native plugins compatible for Editor in 0.47 ms, found 1 plugins.
Preloading 0 native plugins for Editor in 0.00 ms.
Invoked RoslynAnalysisRunner static constructor.
RoslynAnalysisRunner will not be running.
RoslynAnalysisRunner has terminated.
Mono: successfully reloaded assembly
- Completed reload, in  1.158 seconds
Platform modules already initialized, skipping
Refreshing native plugins compatible for Editor in 0.48 ms, found 1 plugins.
Preloading 0 native plugins for Editor in 0.00 ms.
Unloading 2106 Unused Serialized files (Serialized files now loaded: 0)
System memory in use before: 96.3 MB.
System memory in use after: 96.4 MB.

Unloading 7 unused Assets to reduce memory usage. Loaded Objects now: 2583.
Total: 2.514600 ms (FindLiveObjects: 0.235800 ms CreateObjectMapping: 0.056000 ms MarkObjects: 2.202400 ms  DeleteObjects: 0.019300 ms)

========================================================================
Received Prepare
Registering precompiled user dll's ...
Registered in 0.001337 seconds.
Begin MonoManager ReloadAssembly
Native extension for LinuxStandalone target not found
Native extension for WindowsStandalone target not found
Refreshing native plugins compatible for Editor in 0.46 ms, found 1 plugins.
Preloading 0 native plugins for Editor in 0.00 ms.
Invoked RoslynAnalysisRunner static constructor.
RoslynAnalysisRunner will not be running.
RoslynAnalysisRunner has terminated.
Mono: successfully reloaded assembly
- Completed reload, in  1.147 seconds
Platform modules already initialized, skipping
Refreshing native plugins compatible for Editor in 0.62 ms, found 1 plugins.
Preloading 0 native plugins for Editor in 0.00 ms.
Unloading 2106 Unused Serialized files (Serialized files now loaded: 0)
System memory in use before: 96.3 MB.
System memory in use after: 96.4 MB.

Unloading 7 unused Assets to reduce memory usage. Loaded Objects now: 2587.
Total: 2.316500 ms (FindLiveObjects: 0.273600 ms CreateObjectMapping: 0.052500 ms MarkObjects: 1.972400 ms  DeleteObjects: 0.016800 ms)

========================================================================
Received Prepare
Registering precompiled user dll's ...
Registered in 0.001280 seconds.
Begin MonoManager ReloadAssembly
Native extension for LinuxStandalone target not found
Native extension for WindowsStandalone target not found
Refreshing native plugins compatible for Editor in 0.48 ms, found 1 plugins.
Preloading 0 native plugins for Editor in 0.00 ms.
Invoked RoslynAnalysisRunner static constructor.
RoslynAnalysisRunner will not be running.
RoslynAnalysisRunner has terminated.
Mono: successfully reloaded assembly
- Completed reload, in  1.084 seconds
Platform modules already initialized, skipping
Refreshing native plugins compatible for Editor in 0.48 ms, found 1 plugins.
Preloading 0 native plugins for Editor in 0.00 ms.
Unloading 2106 Unused Serialized files (Serialized files now loaded: 0)
System memory in use before: 96.3 MB.
System memory in use after: 96.4 MB.

Unloading 7 unused Assets to reduce memory usage. Loaded Objects now: 2591.
Total: 2.271100 ms (FindLiveObjects: 0.257000 ms CreateObjectMapping: 0.054500 ms MarkObjects: 1.944500 ms  DeleteObjects: 0.014400 ms)

========================================================================
Received Prepare
Registering precompiled user dll's ...
Registered in 0.001254 seconds.
Begin MonoManager ReloadAssembly
Native extension for LinuxStandalone target not found
Native extension for WindowsStandalone target not found
Refreshing native plugins compatible for Editor in 0.48 ms, found 1 plugins.
Preloading 0 native plugins for Editor in 0.00 ms.
Invoked RoslynAnalysisRunner static constructor.
RoslynAnalysisRunner will not be running.
RoslynAnalysisRunner has terminated.
Mono: successfully reloaded assembly
- Completed reload, in  1.091 seconds
Platform modules already initialized, skipping
Refreshing native plugins compatible for Editor in 0.45 ms, found 1 plugins.
Preloading 0 native plugins for Editor in 0.00 ms.
Unloading 2106 Unused Serialized files (Serialized files now loaded: 0)
System memory in use before: 96.3 MB.
System memory in use after: 96.5 MB.

Unloading 7 unused Assets to reduce memory usage. Loaded Objects now: 2595.
Total: 2.253500 ms (FindLiveObjects: 0.236000 ms CreateObjectMapping: 0.053200 ms MarkObjects: 1.948100 ms  DeleteObjects: 0.015000 ms)

========================================================================
Received Prepare
Registering precompiled user dll's ...
Registered in 0.001271 seconds.
Begin MonoManager ReloadAssembly
Native extension for LinuxStandalone target not found
Native extension for WindowsStandalone target not found
Refreshing native plugins compatible for Editor in 0.47 ms, found 1 plugins.
Preloading 0 native plugins for Editor in 0.00 ms.
Invoked RoslynAnalysisRunner static constructor.
RoslynAnalysisRunner will not be running.
RoslynAnalysisRunner has terminated.
Mono: successfully reloaded assembly
- Completed reload, in  1.087 seconds
Platform modules already initialized, skipping
Refreshing native plugins compatible for Editor in 0.46 ms, found 1 plugins.
Preloading 0 native plugins for Editor in 0.00 ms.
Unloading 2106 Unused Serialized files (Serialized files now loaded: 0)
System memory in use before: 96.4 MB.
System memory in use after: 96.5 MB.

Unloading 7 unused Assets to reduce memory usage. Loaded Objects now: 2599.
Total: 2.362900 ms (FindLiveObjects: 0.240500 ms CreateObjectMapping: 0.054200 ms MarkObjects: 2.049500 ms  DeleteObjects: 0.017500 ms)

========================================================================
Received Prepare
Registering precompiled user dll's ...
Registered in 0.001195 seconds.
Begin MonoManager ReloadAssembly
Native extension for LinuxStandalone target not found
Native extension for WindowsStandalone target not found
Refreshing native plugins compatible for Editor in 0.47 ms, found 1 plugins.
Preloading 0 native plugins for Editor in 0.00 ms.
Invoked RoslynAnalysisRunner static constructor.
RoslynAnalysisRunner will not be running.
RoslynAnalysisRunner has terminated.
Mono: successfully reloaded assembly
- Completed reload, in  1.165 seconds
Platform modules already initialized, skipping
Refreshing native plugins compatible for Editor in 0.60 ms, found 1 plugins.
Preloading 0 native plugins for Editor in 0.00 ms.
Unloading 2106 Unused Serialized files (Serialized files now loaded: 0)
System memory in use before: 96.4 MB.
System memory in use after: 96.5 MB.

Unloading 7 unused Assets to reduce memory usage. Loaded Objects now: 2603.
Total: 2.296300 ms (FindLiveObjects: 0.245100 ms CreateObjectMapping: 0.057100 ms MarkObjects: 1.976500 ms  DeleteObjects: 0.016500 ms)

========================================================================
Received Prepare
Registering precompiled user dll's ...
Registered in 0.001230 seconds.
Begin MonoManager ReloadAssembly
Native extension for LinuxStandalone target not found
Native extension for WindowsStandalone target not found
Refreshing native plugins compatible for Editor in 0.47 ms, found 1 plugins.
Preloading 0 native plugins for Editor in 0.00 ms.
Invoked RoslynAnalysisRunner static constructor.
RoslynAnalysisRunner will not be running.
RoslynAnalysisRunner has terminated.
Mono: successfully reloaded assembly
- Completed reload, in  1.097 seconds
Platform modules already initialized, skipping
Refreshing native plugins compatible for Editor in 0.47 ms, found 1 plugins.
Preloading 0 native plugins for Editor in 0.00 ms.
Unloading 2106 Unused Serialized files (Serialized files now loaded: 0)
System memory in use before: 96.4 MB.
System memory in use after: 96.5 MB.

Unloading 7 unused Assets to reduce memory usage. Loaded Objects now: 2607.
Total: 2.256500 ms (FindLiveObjects: 0.244400 ms CreateObjectMapping: 0.053200 ms MarkObjects: 1.944000 ms  DeleteObjects: 0.013900 ms)

========================================================================
Received Prepare
Registering precompiled user dll's ...
Registered in 0.001243 seconds.
Begin MonoManager ReloadAssembly
Native extension for LinuxStandalone target not found
Native extension for WindowsStandalone target not found
Refreshing native plugins compatible for Editor in 0.48 ms, found 1 plugins.
Preloading 0 native plugins for Editor in 0.00 ms.
Invoked RoslynAnalysisRunner static constructor.
RoslynAnalysisRunner will not be running.
RoslynAnalysisRunner has terminated.
Mono: successfully reloaded assembly
- Completed reload, in  1.095 seconds
Platform modules already initialized, skipping
Refreshing native plugins compatible for Editor in 0.47 ms, found 1 plugins.
Preloading 0 native plugins for Editor in 0.00 ms.
Unloading 2106 Unused Serialized files (Serialized files now loaded: 0)
System memory in use before: 96.4 MB.
System memory in use after: 96.5 MB.

Unloading 7 unused Assets to reduce memory usage. Loaded Objects now: 2611.
Total: 2.435200 ms (FindLiveObjects: 0.244200 ms CreateObjectMapping: 0.052300 ms MarkObjects: 2.120600 ms  DeleteObjects: 0.016500 ms)

========================================================================
Received Prepare
Registering precompiled user dll's ...
Registered in 0.001351 seconds.
Begin MonoManager ReloadAssembly
Native extension for LinuxStandalone target not found
Native extension for WindowsStandalone target not found
Refreshing native plugins compatible for Editor in 0.47 ms, found 1 plugins.
Preloading 0 native plugins for Editor in 0.00 ms.
Invoked RoslynAnalysisRunner static constructor.
RoslynAnalysisRunner will not be running.
RoslynAnalysisRunner has terminated.
Mono: successfully reloaded assembly
- Completed reload, in  1.094 seconds
Platform modules already initialized, skipping
Refreshing native plugins compatible for Editor in 0.46 ms, found 1 plugins.
Preloading 0 native plugins for Editor in 0.00 ms.
Unloading 2106 Unused Serialized files (Serialized files now loaded: 0)
System memory in use before: 96.4 MB.
System memory in use after: 96.5 MB.

Unloading 7 unused Assets to reduce memory usage. Loaded Objects now: 2615.
Total: 2.278700 ms (FindLiveObjects: 0.240200 ms CreateObjectMapping: 0.053500 ms MarkObjects: 1.969400 ms  DeleteObjects: 0.014900 ms)

========================================================================
Received Prepare
Registering precompiled user dll's ...
Registered in 0.001609 seconds.
Begin MonoManager ReloadAssembly
Native extension for LinuxStandalone target not found
Native extension for WindowsStandalone target not found
Refreshing native plugins compatible for Editor in 0.47 ms, found 1 plugins.
Preloading 0 native plugins for Editor in 0.00 ms.
Invoked RoslynAnalysisRunner static constructor.
RoslynAnalysisRunner will not be running.
RoslynAnalysisRunner has terminated.
Mono: successfully reloaded assembly
- Completed reload, in  1.100 seconds
Platform modules already initialized, skipping
Refreshing native plugins compatible for Editor in 0.49 ms, found 1 plugins.
Preloading 0 native plugins for Editor in 0.00 ms.
Unloading 2106 Unused Serialized files (Serialized files now loaded: 0)
System memory in use before: 96.4 MB.
System memory in use after: 96.5 MB.

Unloading 7 unused Assets to reduce memory usage. Loaded Objects now: 2619.
Total: 2.430200 ms (FindLiveObjects: 0.233200 ms CreateObjectMapping: 0.053100 ms MarkObjects: 2.124600 ms  DeleteObjects: 0.018100 ms)

========================================================================
Received Prepare
Registering precompiled user dll's ...
Registered in 0.001210 seconds.
Begin MonoManager ReloadAssembly
Native extension for LinuxStandalone target not found
Native extension for WindowsStandalone target not found
Refreshing native plugins compatible for Editor in 0.47 ms, found 1 plugins.
Preloading 0 native plugins for Editor in 0.00 ms.
Invoked RoslynAnalysisRunner static constructor.
RoslynAnalysisRunner will not be running.
RoslynAnalysisRunner has terminated.
Mono: successfully reloaded assembly
- Completed reload, in  1.121 seconds
Platform modules already initialized, skipping
Refreshing native plugins compatible for Editor in 0.46 ms, found 1 plugins.
Preloading 0 native plugins for Editor in 0.00 ms.
Unloading 2106 Unused Serialized files (Serialized files now loaded: 0)
System memory in use before: 96.4 MB.
System memory in use after: 96.5 MB.

Unloading 7 unused Assets to reduce memory usage. Loaded Objects now: 2623.
Total: 2.223500 ms (FindLiveObjects: 0.231800 ms CreateObjectMapping: 0.052900 ms MarkObjects: 1.924000 ms  DeleteObjects: 0.013800 ms)

========================================================================
Received Prepare
Registering precompiled user dll's ...
Registered in 0.001454 seconds.
Begin MonoManager ReloadAssembly
Native extension for LinuxStandalone target not found
Native extension for WindowsStandalone target not found
Refreshing native plugins compatible for Editor in 0.49 ms, found 1 plugins.
Preloading 0 native plugins for Editor in 0.00 ms.
Invoked RoslynAnalysisRunner static constructor.
RoslynAnalysisRunner will not be running.
RoslynAnalysisRunner has terminated.
Mono: successfully reloaded assembly
- Completed reload, in  1.106 seconds
Platform modules already initialized, skipping
Refreshing native plugins compatible for Editor in 0.55 ms, found 1 plugins.
Preloading 0 native plugins for Editor in 0.00 ms.
Unloading 2106 Unused Serialized files (Serialized files now loaded: 0)
System memory in use before: 96.4 MB.
System memory in use after: 96.5 MB.

Unloading 7 unused Assets to reduce memory usage. Loaded Objects now: 2627.
Total: 2.503700 ms (FindLiveObjects: 0.262700 ms CreateObjectMapping: 0.053500 ms MarkObjects: 2.168300 ms  DeleteObjects: 0.018200 ms)

========================================================================
Received Prepare
Registering precompiled user dll's ...
Registered in 0.001209 seconds.
Begin MonoManager ReloadAssembly
Native extension for LinuxStandalone target not found
Native extension for WindowsStandalone target not found
Refreshing native plugins compatible for Editor in 0.47 ms, found 1 plugins.
Preloading 0 native plugins for Editor in 0.00 ms.
Invoked RoslynAnalysisRunner static constructor.
RoslynAnalysisRunner will not be running.
RoslynAnalysisRunner has terminated.
Mono: successfully reloaded assembly
- Completed reload, in  1.098 seconds
Platform modules already initialized, skipping
Refreshing native plugins compatible for Editor in 0.47 ms, found 1 plugins.
Preloading 0 native plugins for Editor in 0.00 ms.
Unloading 2106 Unused Serialized files (Serialized files now loaded: 0)
System memory in use before: 96.4 MB.
System memory in use after: 96.6 MB.

Unloading 7 unused Assets to reduce memory usage. Loaded Objects now: 2631.
Total: 2.287900 ms (FindLiveObjects: 0.226200 ms CreateObjectMapping: 0.054300 ms MarkObjects: 1.990900 ms  DeleteObjects: 0.015700 ms)

========================================================================
Received Prepare
Registering precompiled user dll's ...
Registered in 0.001285 seconds.
Begin MonoManager ReloadAssembly
Native extension for LinuxStandalone target not found
Native extension for WindowsStandalone target not found
Refreshing native plugins compatible for Editor in 0.48 ms, found 1 plugins.
Preloading 0 native plugins for Editor in 0.00 ms.
Invoked RoslynAnalysisRunner static constructor.
RoslynAnalysisRunner will not be running.
RoslynAnalysisRunner has terminated.
Mono: successfully reloaded assembly
- Completed reload, in  1.120 seconds
Platform modules already initialized, skipping
Refreshing native plugins compatible for Editor in 0.47 ms, found 1 plugins.
Preloading 0 native plugins for Editor in 0.00 ms.
Unloading 2106 Unused Serialized files (Serialized files now loaded: 0)
System memory in use before: 96.4 MB.
System memory in use after: 96.6 MB.

Unloading 7 unused Assets to reduce memory usage. Loaded Objects now: 2635.
Total: 2.320500 ms (FindLiveObjects: 0.238700 ms CreateObjectMapping: 0.056700 ms MarkObjects: 2.007100 ms  DeleteObjects: 0.017000 ms)

========================================================================
Received Prepare
Registering precompiled user dll's ...
Registered in 0.001439 seconds.
Begin MonoManager ReloadAssembly
Native extension for LinuxStandalone target not found
Native extension for WindowsStandalone target not found
Refreshing native plugins compatible for Editor in 0.66 ms, found 1 plugins.
Preloading 0 native plugins for Editor in 0.00 ms.
Invoked RoslynAnalysisRunner static constructor.
RoslynAnalysisRunner will not be running.
RoslynAnalysisRunner has terminated.
Mono: successfully reloaded assembly
- Completed reload, in  1.120 seconds
Platform modules already initialized, skipping
Refreshing native plugins compatible for Editor in 0.46 ms, found 1 plugins.
Preloading 0 native plugins for Editor in 0.00 ms.
Unloading 2106 Unused Serialized files (Serialized files now loaded: 0)
System memory in use before: 96.5 MB.
System memory in use after: 96.6 MB.

Unloading 7 unused Assets to reduce memory usage. Loaded Objects now: 2639.
Total: 2.239300 ms (FindLiveObjects: 0.224600 ms CreateObjectMapping: 0.053800 ms MarkObjects: 1.946400 ms  DeleteObjects: 0.013600 ms)

========================================================================
Received Prepare
Registering precompiled user dll's ...
Registered in 0.001275 seconds.
Begin MonoManager ReloadAssembly
Native extension for LinuxStandalone target not found
Native extension for WindowsStandalone target not found
Refreshing native plugins compatible for Editor in 0.50 ms, found 1 plugins.
Preloading 0 native plugins for Editor in 0.00 ms.
Invoked RoslynAnalysisRunner static constructor.
RoslynAnalysisRunner will not be running.
RoslynAnalysisRunner has terminated.
Mono: successfully reloaded assembly
- Completed reload, in  1.093 seconds
Platform modules already initialized, skipping
Refreshing native plugins compatible for Editor in 0.48 ms, found 1 plugins.
Preloading 0 native plugins for Editor in 0.00 ms.
Unloading 2106 Unused Serialized files (Serialized files now loaded: 0)
System memory in use before: 96.5 MB.
System memory in use after: 96.6 MB.

Unloading 7 unused Assets to reduce memory usage. Loaded Objects now: 2643.
Total: 2.432700 ms (FindLiveObjects: 0.262900 ms CreateObjectMapping: 0.056200 ms MarkObjects: 2.095800 ms  DeleteObjects: 0.016300 ms)

========================================================================
Received Prepare
Registering precompiled user dll's ...
Registered in 0.001363 seconds.
Begin MonoManager ReloadAssembly
Native extension for LinuxStandalone target not found
Native extension for WindowsStandalone target not found
Refreshing native plugins compatible for Editor in 0.48 ms, found 1 plugins.
Preloading 0 native plugins for Editor in 0.00 ms.
Invoked RoslynAnalysisRunner static constructor.
RoslynAnalysisRunner will not be running.
RoslynAnalysisRunner has terminated.
Mono: successfully reloaded assembly
- Completed reload, in  1.081 seconds
Platform modules already initialized, skipping
Refreshing native plugins compatible for Editor in 0.46 ms, found 1 plugins.
Preloading 0 native plugins for Editor in 0.00 ms.
Unloading 2106 Unused Serialized files (Serialized files now loaded: 0)
System memory in use before: 96.5 MB.
System memory in use after: 96.6 MB.

Unloading 7 unused Assets to reduce memory usage. Loaded Objects now: 2647.
Total: 2.378200 ms (FindLiveObjects: 0.302500 ms CreateObjectMapping: 0.072100 ms MarkObjects: 1.988900 ms  DeleteObjects: 0.013500 ms)

========================================================================
Received Prepare
Registering precompiled user dll's ...
Registered in 0.001269 seconds.
Begin MonoManager ReloadAssembly
Native extension for LinuxStandalone target not found
Native extension for WindowsStandalone target not found
Refreshing native plugins compatible for Editor in 0.48 ms, found 1 plugins.
Preloading 0 native plugins for Editor in 0.00 ms.
Invoked RoslynAnalysisRunner static constructor.
RoslynAnalysisRunner will not be running.
RoslynAnalysisRunner has terminated.
Mono: successfully reloaded assembly
- Completed reload, in  1.107 seconds
Platform modules already initialized, skipping
Refreshing native plugins compatible for Editor in 0.47 ms, found 1 plugins.
Preloading 0 native plugins for Editor in 0.00 ms.
Unloading 2106 Unused Serialized files (Serialized files now loaded: 0)
System memory in use before: 96.5 MB.
System memory in use after: 96.6 MB.

Unloading 7 unused Assets to reduce memory usage. Loaded Objects now: 2651.
Total: 2.328700 ms (FindLiveObjects: 0.244900 ms CreateObjectMapping: 0.053300 ms MarkObjects: 2.013400 ms  DeleteObjects: 0.015700 ms)

========================================================================
Received Prepare
Registering precompiled user dll's ...
Registered in 0.001246 seconds.
Begin MonoManager ReloadAssembly
Native extension for LinuxStandalone target not found
Native extension for WindowsStandalone target not found
Refreshing native plugins compatible for Editor in 0.47 ms, found 1 plugins.
Preloading 0 native plugins for Editor in 0.00 ms.
Invoked RoslynAnalysisRunner static constructor.
RoslynAnalysisRunner will not be running.
RoslynAnalysisRunner has terminated.
Mono: successfully reloaded assembly
- Completed reload, in  1.092 seconds
Platform modules already initialized, skipping
Refreshing native plugins compatible for Editor in 0.46 ms, found 1 plugins.
Preloading 0 native plugins for Editor in 0.00 ms.
Unloading 2106 Unused Serialized files (Serialized files now loaded: 0)
System memory in use before: 96.5 MB.
System memory in use after: 96.6 MB.

Unloading 7 unused Assets to reduce memory usage. Loaded Objects now: 2655.
Total: 2.287800 ms (FindLiveObjects: 0.247600 ms CreateObjectMapping: 0.052800 ms MarkObjects: 1.972800 ms  DeleteObjects: 0.013800 ms)

========================================================================
Received Prepare
Registering precompiled user dll's ...
Registered in 0.001221 seconds.
Begin MonoManager ReloadAssembly
Native extension for LinuxStandalone target not found
Native extension for WindowsStandalone target not found
Refreshing native plugins compatible for Editor in 0.48 ms, found 1 plugins.
Preloading 0 native plugins for Editor in 0.00 ms.
Invoked RoslynAnalysisRunner static constructor.
RoslynAnalysisRunner will not be running.
RoslynAnalysisRunner has terminated.
Mono: successfully reloaded assembly
- Completed reload, in  1.115 seconds
Platform modules already initialized, skipping
Refreshing native plugins compatible for Editor in 0.47 ms, found 1 plugins.
Preloading 0 native plugins for Editor in 0.00 ms.
Unloading 2106 Unused Serialized files (Serialized files now loaded: 0)
System memory in use before: 96.5 MB.
System memory in use after: 96.6 MB.

Unloading 7 unused Assets to reduce memory usage. Loaded Objects now: 2659.
Total: 2.454800 ms (FindLiveObjects: 0.240900 ms CreateObjectMapping: 0.054100 ms MarkObjects: 2.142300 ms  DeleteObjects: 0.016200 ms)

========================================================================
Received Prepare
Registering precompiled user dll's ...
Registered in 0.001212 seconds.
Begin MonoManager ReloadAssembly
Native extension for LinuxStandalone target not found
Native extension for WindowsStandalone target not found
Refreshing native plugins compatible for Editor in 0.48 ms, found 1 plugins.
Preloading 0 native plugins for Editor in 0.00 ms.
Invoked RoslynAnalysisRunner static constructor.
RoslynAnalysisRunner will not be running.
RoslynAnalysisRunner has terminated.
Mono: successfully reloaded assembly
- Completed reload, in  1.117 seconds
Platform modules already initialized, skipping
Refreshing native plugins compatible for Editor in 0.46 ms, found 1 plugins.
Preloading 0 native plugins for Editor in 0.00 ms.
Unloading 2106 Unused Serialized files (Serialized files now loaded: 0)
System memory in use before: 96.5 MB.
System memory in use after: 96.6 MB.

Unloading 7 unused Assets to reduce memory usage. Loaded Objects now: 2663.
Total: 2.339400 ms (FindLiveObjects: 0.272300 ms CreateObjectMapping: 0.055300 ms MarkObjects: 1.995000 ms  DeleteObjects: 0.015200 ms)

========================================================================
Received Prepare
Registering precompiled user dll's ...
Registered in 0.001271 seconds.
Begin MonoManager ReloadAssembly
Native extension for LinuxStandalone target not found
Native extension for WindowsStandalone target not found
Refreshing native plugins compatible for Editor in 0.46 ms, found 1 plugins.
Preloading 0 native plugins for Editor in 0.00 ms.
Invoked RoslynAnalysisRunner static constructor.
RoslynAnalysisRunner will not be running.
RoslynAnalysisRunner has terminated.
Mono: successfully reloaded assembly
- Completed reload, in  1.112 seconds
Platform modules already initialized, skipping
Refreshing native plugins compatible for Editor in 0.48 ms, found 1 plugins.
Preloading 0 native plugins for Editor in 0.00 ms.
Unloading 2106 Unused Serialized files (Serialized files now loaded: 0)
System memory in use before: 96.5 MB.
System memory in use after: 96.6 MB.

Unloading 7 unused Assets to reduce memory usage. Loaded Objects now: 2667.
Total: 2.629400 ms (FindLiveObjects: 0.338700 ms CreateObjectMapping: 0.055800 ms MarkObjects: 2.213500 ms  DeleteObjects: 0.019200 ms)

========================================================================
Received Prepare
Registering precompiled user dll's ...
Registered in 0.001252 seconds.
Begin MonoManager ReloadAssembly
Native extension for LinuxStandalone target not found
Native extension for WindowsStandalone target not found
Refreshing native plugins compatible for Editor in 0.47 ms, found 1 plugins.
Preloading 0 native plugins for Editor in 0.00 ms.
Invoked RoslynAnalysisRunner static constructor.
RoslynAnalysisRunner will not be running.
RoslynAnalysisRunner has terminated.
Mono: successfully reloaded assembly
- Completed reload, in  1.119 seconds
Platform modules already initialized, skipping
Refreshing native plugins compatible for Editor in 0.47 ms, found 1 plugins.
Preloading 0 native plugins for Editor in 0.00 ms.
Unloading 2106 Unused Serialized files (Serialized files now loaded: 0)
System memory in use before: 96.5 MB.
System memory in use after: 96.6 MB.

Unloading 7 unused Assets to reduce memory usage. Loaded Objects now: 2671.
Total: 2.659800 ms (FindLiveObjects: 0.327100 ms CreateObjectMapping: 0.057000 ms MarkObjects: 2.254700 ms  DeleteObjects: 0.019600 ms)

========================================================================
Received Prepare
Registering precompiled user dll's ...
Registered in 0.001260 seconds.
Begin MonoManager ReloadAssembly
Native extension for LinuxStandalone target not found
Native extension for WindowsStandalone target not found
Refreshing native plugins compatible for Editor in 0.47 ms, found 1 plugins.
Preloading 0 native plugins for Editor in 0.00 ms.
Invoked RoslynAnalysisRunner static constructor.
RoslynAnalysisRunner will not be running.
RoslynAnalysisRunner has terminated.
Mono: successfully reloaded assembly
- Completed reload, in  1.101 seconds
Platform modules already initialized, skipping
Refreshing native plugins compatible for Editor in 0.46 ms, found 1 plugins.
Preloading 0 native plugins for Editor in 0.00 ms.
Unloading 2106 Unused Serialized files (Serialized files now loaded: 0)
System memory in use before: 96.5 MB.
System memory in use after: 96.7 MB.

Unloading 7 unused Assets to reduce memory usage. Loaded Objects now: 2675.
Total: 2.309000 ms (FindLiveObjects: 0.229100 ms CreateObjectMapping: 0.053700 ms MarkObjects: 2.011000 ms  DeleteObjects: 0.014200 ms)

========================================================================
Received Prepare
Registering precompiled user dll's ...
Registered in 0.001468 seconds.
Begin MonoManager ReloadAssembly
Native extension for LinuxStandalone target not found
Native extension for WindowsStandalone target not found
Refreshing native plugins compatible for Editor in 0.48 ms, found 1 plugins.
Preloading 0 native plugins for Editor in 0.00 ms.
Invoked RoslynAnalysisRunner static constructor.
RoslynAnalysisRunner will not be running.
RoslynAnalysisRunner has terminated.
Mono: successfully reloaded assembly
- Completed reload, in  1.097 seconds
Platform modules already initialized, skipping
Refreshing native plugins compatible for Editor in 0.47 ms, found 1 plugins.
Preloading 0 native plugins for Editor in 0.00 ms.
Unloading 2106 Unused Serialized files (Serialized files now loaded: 0)
System memory in use before: 96.5 MB.
System memory in use after: 96.7 MB.

Unloading 7 unused Assets to reduce memory usage. Loaded Objects now: 2679.
Total: 2.262500 ms (FindLiveObjects: 0.246100 ms CreateObjectMapping: 0.052500 ms MarkObjects: 1.948800 ms  DeleteObjects: 0.014200 ms)

========================================================================
Received Prepare
Registering precompiled user dll's ...
Registered in 0.001194 seconds.
Begin MonoManager ReloadAssembly
Native extension for LinuxStandalone target not found
Native extension for WindowsStandalone target not found
Refreshing native plugins compatible for Editor in 0.47 ms, found 1 plugins.
Preloading 0 native plugins for Editor in 0.00 ms.
Invoked RoslynAnalysisRunner static constructor.
RoslynAnalysisRunner will not be running.
RoslynAnalysisRunner has terminated.
Mono: successfully reloaded assembly
- Completed reload, in  1.111 seconds
Platform modules already initialized, skipping
Refreshing native plugins compatible for Editor in 0.46 ms, found 1 plugins.
Preloading 0 native plugins for Editor in 0.00 ms.
Unloading 2106 Unused Serialized files (Serialized files now loaded: 0)
System memory in use before: 96.5 MB.
System memory in use after: 96.7 MB.

Unloading 7 unused Assets to reduce memory usage. Loaded Objects now: 2683.
Total: 2.350800 ms (FindLiveObjects: 0.251300 ms CreateObjectMapping: 0.058400 ms MarkObjects: 2.025900 ms  DeleteObjects: 0.014200 ms)

========================================================================
Received Prepare
Registering precompiled user dll's ...
Registered in 0.001295 seconds.
Begin MonoManager ReloadAssembly
Native extension for LinuxStandalone target not found
Native extension for WindowsStandalone target not found
Refreshing native plugins compatible for Editor in 0.64 ms, found 1 plugins.
Preloading 0 native plugins for Editor in 0.00 ms.
Invoked RoslynAnalysisRunner static constructor.
RoslynAnalysisRunner will not be running.
RoslynAnalysisRunner has terminated.
Mono: successfully reloaded assembly
- Completed reload, in  1.113 seconds
Platform modules already initialized, skipping
Refreshing native plugins compatible for Editor in 0.50 ms, found 1 plugins.
Preloading 0 native plugins for Editor in 0.00 ms.
Unloading 2106 Unused Serialized files (Serialized files now loaded: 0)
System memory in use before: 96.6 MB.
System memory in use after: 96.7 MB.

Unloading 7 unused Assets to reduce memory usage. Loaded Objects now: 2687.
Total: 2.341000 ms (FindLiveObjects: 0.242300 ms CreateObjectMapping: 0.055000 ms MarkObjects: 2.027500 ms  DeleteObjects: 0.015300 ms)

========================================================================
Received Prepare
Registering precompiled user dll's ...
Registered in 0.001219 seconds.
Begin MonoManager ReloadAssembly
Native extension for LinuxStandalone target not found
Native extension for WindowsStandalone target not found
Refreshing native plugins compatible for Editor in 0.62 ms, found 1 plugins.
Preloading 0 native plugins for Editor in 0.00 ms.
Invoked RoslynAnalysisRunner static constructor.
RoslynAnalysisRunner will not be running.
RoslynAnalysisRunner has terminated.
Mono: successfully reloaded assembly
- Completed reload, in  1.106 seconds
Platform modules already initialized, skipping
Refreshing native plugins compatible for Editor in 0.47 ms, found 1 plugins.
Preloading 0 native plugins for Editor in 0.00 ms.
Unloading 2106 Unused Serialized files (Serialized files now loaded: 0)
System memory in use before: 96.6 MB.
System memory in use after: 96.7 MB.

Unloading 7 unused Assets to reduce memory usage. Loaded Objects now: 2691.
Total: 2.280400 ms (FindLiveObjects: 0.229300 ms CreateObjectMapping: 0.054300 ms MarkObjects: 1.981600 ms  DeleteObjects: 0.014100 ms)

========================================================================
Received Prepare
Registering precompiled user dll's ...
Registered in 0.001456 seconds.
Begin MonoManager ReloadAssembly
Native extension for LinuxStandalone target not found
Native extension for WindowsStandalone target not found
Refreshing native plugins compatible for Editor in 0.47 ms, found 1 plugins.
Preloading 0 native plugins for Editor in 0.00 ms.
Invoked RoslynAnalysisRunner static constructor.
RoslynAnalysisRunner will not be running.
RoslynAnalysisRunner has terminated.
Mono: successfully reloaded assembly
- Completed reload, in  1.103 seconds
Platform modules already initialized, skipping
Refreshing native plugins compatible for Editor in 0.48 ms, found 1 plugins.
Preloading 0 native plugins for Editor in 0.00 ms.
Unloading 2106 Unused Serialized files (Serialized files now loaded: 0)
System memory in use before: 96.6 MB.
System memory in use after: 96.7 MB.

Unloading 7 unused Assets to reduce memory usage. Loaded Objects now: 2695.
Total: 2.272400 ms (FindLiveObjects: 0.227700 ms CreateObjectMapping: 0.052400 ms MarkObjects: 1.977800 ms  DeleteObjects: 0.013800 ms)

========================================================================
Received Prepare
Registering precompiled user dll's ...
Registered in 0.001554 seconds.
Begin MonoManager ReloadAssembly
Native extension for LinuxStandalone target not found
Native extension for WindowsStandalone target not found
Refreshing native plugins compatible for Editor in 0.47 ms, found 1 plugins.
Preloading 0 native plugins for Editor in 0.00 ms.
Invoked RoslynAnalysisRunner static constructor.
RoslynAnalysisRunner will not be running.
RoslynAnalysisRunner has terminated.
Mono: successfully reloaded assembly
- Completed reload, in  1.087 seconds
Platform modules already initialized, skipping
Refreshing native plugins compatible for Editor in 0.51 ms, found 1 plugins.
Preloading 0 native plugins for Editor in 0.00 ms.
Unloading 2106 Unused Serialized files (Serialized files now loaded: 0)
System memory in use before: 96.6 MB.
System memory in use after: 96.7 MB.

Unloading 7 unused Assets to reduce memory usage. Loaded Objects now: 2699.
Total: 2.340700 ms (FindLiveObjects: 0.246800 ms CreateObjectMapping: 0.054300 ms MarkObjects: 2.024200 ms  DeleteObjects: 0.014200 ms)

========================================================================
Received Prepare
Registering precompiled user dll's ...
Registered in 0.001251 seconds.
Begin MonoManager ReloadAssembly
Native extension for LinuxStandalone target not found
Native extension for WindowsStandalone target not found
Refreshing native plugins compatible for Editor in 0.51 ms, found 1 plugins.
Preloading 0 native plugins for Editor in 0.00 ms.
Invoked RoslynAnalysisRunner static constructor.
RoslynAnalysisRunner will not be running.
RoslynAnalysisRunner has terminated.
Mono: successfully reloaded assembly
- Completed reload, in  1.097 seconds
Platform modules already initialized, skipping
Refreshing native plugins compatible for Editor in 0.61 ms, found 1 plugins.
Preloading 0 native plugins for Editor in 0.00 ms.
Unloading 2106 Unused Serialized files (Serialized files now loaded: 0)
System memory in use before: 96.6 MB.
System memory in use after: 96.7 MB.

Unloading 7 unused Assets to reduce memory usage. Loaded Objects now: 2703.
Total: 2.388400 ms (FindLiveObjects: 0.264500 ms CreateObjectMapping: 0.063900 ms MarkObjects: 2.043800 ms  DeleteObjects: 0.015100 ms)

========================================================================
Received Prepare
Registering precompiled user dll's ...
Registered in 0.001264 seconds.
Begin MonoManager ReloadAssembly
Native extension for LinuxStandalone target not found
Native extension for WindowsStandalone target not found
Refreshing native plugins compatible for Editor in 0.47 ms, found 1 plugins.
Preloading 0 native plugins for Editor in 0.00 ms.
Invoked RoslynAnalysisRunner static constructor.
RoslynAnalysisRunner will not be running.
RoslynAnalysisRunner has terminated.
Mono: successfully reloaded assembly
- Completed reload, in  1.100 seconds
Platform modules already initialized, skipping
Refreshing native plugins compatible for Editor in 0.46 ms, found 1 plugins.
Preloading 0 native plugins for Editor in 0.00 ms.
Unloading 2106 Unused Serialized files (Serialized files now loaded: 0)
System memory in use before: 96.6 MB.
System memory in use after: 96.7 MB.

Unloading 7 unused Assets to reduce memory usage. Loaded Objects now: 2707.
Total: 2.366500 ms (FindLiveObjects: 0.286500 ms CreateObjectMapping: 0.058900 ms MarkObjects: 2.004500 ms  DeleteObjects: 0.015700 ms)

========================================================================
Received Prepare
Registering precompiled user dll's ...
Registered in 0.001407 seconds.
Begin MonoManager ReloadAssembly
Native extension for LinuxStandalone target not found
Native extension for WindowsStandalone target not found
Refreshing native plugins compatible for Editor in 0.47 ms, found 1 plugins.
Preloading 0 native plugins for Editor in 0.00 ms.
Invoked RoslynAnalysisRunner static constructor.
RoslynAnalysisRunner will not be running.
RoslynAnalysisRunner has terminated.
Mono: successfully reloaded assembly
- Completed reload, in  1.072 seconds
Platform modules already initialized, skipping
Refreshing native plugins compatible for Editor in 0.48 ms, found 1 plugins.
Preloading 0 native plugins for Editor in 0.00 ms.
Unloading 2106 Unused Serialized files (Serialized files now loaded: 0)
System memory in use before: 96.6 MB.
System memory in use after: 96.7 MB.

Unloading 7 unused Assets to reduce memory usage. Loaded Objects now: 2711.
Total: 2.505200 ms (FindLiveObjects: 0.262000 ms CreateObjectMapping: 0.053800 ms MarkObjects: 2.171300 ms  DeleteObjects: 0.017000 ms)

========================================================================
Received Prepare
Registering precompiled user dll's ...
Registered in 0.001273 seconds.
Begin MonoManager ReloadAssembly
Native extension for LinuxStandalone target not found
Native extension for WindowsStandalone target not found
Refreshing native plugins compatible for Editor in 0.47 ms, found 1 plugins.
Preloading 0 native plugins for Editor in 0.00 ms.
Invoked RoslynAnalysisRunner static constructor.
RoslynAnalysisRunner will not be running.
RoslynAnalysisRunner has terminated.
Mono: successfully reloaded assembly
- Completed reload, in  1.106 seconds
Platform modules already initialized, skipping
Refreshing native plugins compatible for Editor in 0.46 ms, found 1 plugins.
Preloading 0 native plugins for Editor in 0.00 ms.
Unloading 2106 Unused Serialized files (Serialized files now loaded: 0)
System memory in use before: 96.6 MB.
System memory in use after: 96.7 MB.

Unloading 7 unused Assets to reduce memory usage. Loaded Objects now: 2715.
Total: 2.352400 ms (FindLiveObjects: 0.279300 ms CreateObjectMapping: 0.055700 ms MarkObjects: 2.001200 ms  DeleteObjects: 0.015100 ms)

========================================================================
Received Prepare
Registering precompiled user dll's ...
Registered in 0.001340 seconds.
Begin MonoManager ReloadAssembly
Native extension for LinuxStandalone target not found
Native extension for WindowsStandalone target not found
Refreshing native plugins compatible for Editor in 0.47 ms, found 1 plugins.
Preloading 0 native plugins for Editor in 0.00 ms.
Invoked RoslynAnalysisRunner static constructor.
RoslynAnalysisRunner will not be running.
RoslynAnalysisRunner has terminated.
Mono: successfully reloaded assembly
- Completed reload, in  1.086 seconds
Platform modules already initialized, skipping
Refreshing native plugins compatible for Editor in 0.49 ms, found 1 plugins.
Preloading 0 native plugins for Editor in 0.00 ms.
Unloading 2106 Unused Serialized files (Serialized files now loaded: 0)
System memory in use before: 96.6 MB.
System memory in use after: 96.8 MB.

Unloading 7 unused Assets to reduce memory usage. Loaded Objects now: 2719.
Total: 2.424300 ms (FindLiveObjects: 0.355300 ms CreateObjectMapping: 0.069000 ms MarkObjects: 1.984400 ms  DeleteObjects: 0.013900 ms)

========================================================================
Received Prepare
Registering precompiled user dll's ...
Registered in 0.001191 seconds.
Begin MonoManager ReloadAssembly
Native extension for LinuxStandalone target not found
Native extension for WindowsStandalone target not found
Refreshing native plugins compatible for Editor in 0.47 ms, found 1 plugins.
Preloading 0 native plugins for Editor in 0.00 ms.
Invoked RoslynAnalysisRunner static constructor.
RoslynAnalysisRunner will not be running.
RoslynAnalysisRunner has terminated.
Mono: successfully reloaded assembly
- Completed reload, in  1.105 seconds
Platform modules already initialized, skipping
Refreshing native plugins compatible for Editor in 0.46 ms, found 1 plugins.
Preloading 0 native plugins for Editor in 0.00 ms.
Unloading 2106 Unused Serialized files (Serialized files now loaded: 0)
System memory in use before: 96.7 MB.
System memory in use after: 96.9 MB.

Unloading 7 unused Assets to reduce memory usage. Loaded Objects now: 2723.
Total: 2.418100 ms (FindLiveObjects: 0.342200 ms CreateObjectMapping: 0.058900 ms MarkObjects: 2.000600 ms  DeleteObjects: 0.014900 ms)

========================================================================
Received Prepare
Registering precompiled user dll's ...
Registered in 0.001240 seconds.
Begin MonoManager ReloadAssembly
Native extension for LinuxStandalone target not found
Native extension for WindowsStandalone target not found
Refreshing native plugins compatible for Editor in 0.47 ms, found 1 plugins.
Preloading 0 native plugins for Editor in 0.00 ms.
Invoked RoslynAnalysisRunner static constructor.
RoslynAnalysisRunner will not be running.
RoslynAnalysisRunner has terminated.
Mono: successfully reloaded assembly
- Completed reload, in  1.086 seconds
Platform modules already initialized, skipping
Refreshing native plugins compatible for Editor in 0.46 ms, found 1 plugins.
Preloading 0 native plugins for Editor in 0.00 ms.
Unloading 2106 Unused Serialized files (Serialized files now loaded: 0)
System memory in use before: 96.8 MB.
System memory in use after: 96.9 MB.

Unloading 7 unused Assets to reduce memory usage. Loaded Objects now: 2727.
Total: 2.341500 ms (FindLiveObjects: 0.263600 ms CreateObjectMapping: 0.056300 ms MarkObjects: 2.006000 ms  DeleteObjects: 0.014600 ms)

========================================================================
Received Prepare
Registering precompiled user dll's ...
Registered in 0.001210 seconds.
Begin MonoManager ReloadAssembly
Native extension for LinuxStandalone target not found
Native extension for WindowsStandalone target not found
Refreshing native plugins compatible for Editor in 0.64 ms, found 1 plugins.
Preloading 0 native plugins for Editor in 0.00 ms.
Invoked RoslynAnalysisRunner static constructor.
RoslynAnalysisRunner will not be running.
RoslynAnalysisRunner has terminated.
Mono: successfully reloaded assembly
- Completed reload, in  1.093 seconds
Platform modules already initialized, skipping
Refreshing native plugins compatible for Editor in 0.50 ms, found 1 plugins.
Preloading 0 native plugins for Editor in 0.00 ms.
Unloading 2106 Unused Serialized files (Serialized files now loaded: 0)
System memory in use before: 96.8 MB.
System memory in use after: 97.0 MB.

Unloading 7 unused Assets to reduce memory usage. Loaded Objects now: 2731.
Total: 2.526500 ms (FindLiveObjects: 0.289800 ms CreateObjectMapping: 0.057800 ms MarkObjects: 2.161100 ms  DeleteObjects: 0.016700 ms)

========================================================================
Received Prepare
Registering precompiled user dll's ...
Registered in 0.001362 seconds.
Begin MonoManager ReloadAssembly
Native extension for LinuxStandalone target not found
Native extension for WindowsStandalone target not found
Refreshing native plugins compatible for Editor in 0.47 ms, found 1 plugins.
Preloading 0 native plugins for Editor in 0.00 ms.
Invoked RoslynAnalysisRunner static constructor.
RoslynAnalysisRunner will not be running.
RoslynAnalysisRunner has terminated.
Mono: successfully reloaded assembly
- Completed reload, in  1.148 seconds
Platform modules already initialized, skipping
Refreshing native plugins compatible for Editor in 0.48 ms, found 1 plugins.
Preloading 0 native plugins for Editor in 0.00 ms.
Unloading 2106 Unused Serialized files (Serialized files now loaded: 0)
System memory in use before: 96.8 MB.
System memory in use after: 97.0 MB.

Unloading 7 unused Assets to reduce memory usage. Loaded Objects now: 2735.
Total: 2.625600 ms (FindLiveObjects: 0.305400 ms CreateObjectMapping: 0.087500 ms MarkObjects: 2.213900 ms  DeleteObjects: 0.017700 ms)

========================================================================
Received Prepare
Registering precompiled user dll's ...
Registered in 0.001265 seconds.
Begin MonoManager ReloadAssembly
Native extension for LinuxStandalone target not found
Native extension for WindowsStandalone target not found
Refreshing native plugins compatible for Editor in 0.54 ms, found 1 plugins.
Preloading 0 native plugins for Editor in 0.00 ms.
Invoked RoslynAnalysisRunner static constructor.
RoslynAnalysisRunner will not be running.
RoslynAnalysisRunner has terminated.
Mono: successfully reloaded assembly
- Completed reload, in  1.101 seconds
Platform modules already initialized, skipping
Refreshing native plugins compatible for Editor in 0.62 ms, found 1 plugins.
Preloading 0 native plugins for Editor in 0.00 ms.
Unloading 2106 Unused Serialized files (Serialized files now loaded: 0)
System memory in use before: 96.8 MB.
System memory in use after: 97.0 MB.

Unloading 7 unused Assets to reduce memory usage. Loaded Objects now: 2739.
Total: 2.651400 ms (FindLiveObjects: 0.325300 ms CreateObjectMapping: 0.061000 ms MarkObjects: 2.246500 ms  DeleteObjects: 0.017200 ms)

========================================================================
Received Prepare
Registering precompiled user dll's ...
Registered in 0.001300 seconds.
Begin MonoManager ReloadAssembly
Native extension for LinuxStandalone target not found
Native extension for WindowsStandalone target not found
Refreshing native plugins compatible for Editor in 0.62 ms, found 1 plugins.
Preloading 0 native plugins for Editor in 0.00 ms.
Invoked RoslynAnalysisRunner static constructor.
RoslynAnalysisRunner will not be running.
RoslynAnalysisRunner has terminated.
Mono: successfully reloaded assembly
- Completed reload, in  1.127 seconds
Platform modules already initialized, skipping
Refreshing native plugins compatible for Editor in 0.46 ms, found 1 plugins.
Preloading 0 native plugins for Editor in 0.00 ms.
Unloading 2106 Unused Serialized files (Serialized files now loaded: 0)
System memory in use before: 96.8 MB.
System memory in use after: 97.0 MB.

Unloading 7 unused Assets to reduce memory usage. Loaded Objects now: 2743.
Total: 2.716700 ms (FindLiveObjects: 0.299800 ms CreateObjectMapping: 0.064400 ms MarkObjects: 2.331700 ms  DeleteObjects: 0.019400 ms)

========================================================================
Received Prepare
Registering precompiled user dll's ...
Registered in 0.001229 seconds.
Begin MonoManager ReloadAssembly
Native extension for LinuxStandalone target not found
Native extension for WindowsStandalone target not found
Refreshing native plugins compatible for Editor in 0.62 ms, found 1 plugins.
Preloading 0 native plugins for Editor in 0.00 ms.
Invoked RoslynAnalysisRunner static constructor.
RoslynAnalysisRunner will not be running.
RoslynAnalysisRunner has terminated.
Mono: successfully reloaded assembly
- Completed reload, in  1.101 seconds
Platform modules already initialized, skipping
Refreshing native plugins compatible for Editor in 0.48 ms, found 1 plugins.
Preloading 0 native plugins for Editor in 0.00 ms.
Unloading 2106 Unused Serialized files (Serialized files now loaded: 0)
System memory in use before: 96.8 MB.
System memory in use after: 97.0 MB.

Unloading 7 unused Assets to reduce memory usage. Loaded Objects now: 2747.
Total: 2.437500 ms (FindLiveObjects: 0.263000 ms CreateObjectMapping: 0.058600 ms MarkObjects: 2.096700 ms  DeleteObjects: 0.018000 ms)

========================================================================
Received Prepare
Registering precompiled user dll's ...
Registered in 0.001819 seconds.
Begin MonoManager ReloadAssembly
Native extension for LinuxStandalone target not found
Native extension for WindowsStandalone target not found
Refreshing native plugins compatible for Editor in 0.48 ms, found 1 plugins.
Preloading 0 native plugins for Editor in 0.00 ms.
Invoked RoslynAnalysisRunner static constructor.
RoslynAnalysisRunner will not be running.
RoslynAnalysisRunner has terminated.
Mono: successfully reloaded assembly
- Completed reload, in  1.215 seconds
Platform modules already initialized, skipping
Refreshing native plugins compatible for Editor in 0.53 ms, found 1 plugins.
Preloading 0 native plugins for Editor in 0.00 ms.
Unloading 2106 Unused Serialized files (Serialized files now loaded: 0)
System memory in use before: 96.8 MB.
System memory in use after: 97.0 MB.

Unloading 7 unused Assets to reduce memory usage. Loaded Objects now: 2751.
Total: 2.877500 ms (FindLiveObjects: 0.444200 ms CreateObjectMapping: 0.104000 ms MarkObjects: 2.300700 ms  DeleteObjects: 0.027000 ms)

========================================================================
Received Prepare
Registering precompiled user dll's ...
Registered in 0.001608 seconds.
Begin MonoManager ReloadAssembly
Native extension for LinuxStandalone target not found
Native extension for WindowsStandalone target not found
Refreshing native plugins compatible for Editor in 0.48 ms, found 1 plugins.
Preloading 0 native plugins for Editor in 0.00 ms.
Invoked RoslynAnalysisRunner static constructor.
RoslynAnalysisRunner will not be running.
RoslynAnalysisRunner has terminated.
Mono: successfully reloaded assembly
- Completed reload, in  1.147 seconds
Platform modules already initialized, skipping
Refreshing native plugins compatible for Editor in 0.60 ms, found 1 plugins.
Preloading 0 native plugins for Editor in 0.00 ms.
Unloading 2106 Unused Serialized files (Serialized files now loaded: 0)
System memory in use before: 96.8 MB.
System memory in use after: 97.0 MB.

Unloading 7 unused Assets to reduce memory usage. Loaded Objects now: 2755.
Total: 2.549800 ms (FindLiveObjects: 0.336400 ms CreateObjectMapping: 0.062900 ms MarkObjects: 2.132600 ms  DeleteObjects: 0.016500 ms)

========================================================================
Received Prepare
Registering precompiled user dll's ...
Registered in 0.001519 seconds.
Begin MonoManager ReloadAssembly
Native extension for LinuxStandalone target not found
Native extension for WindowsStandalone target not found
Refreshing native plugins compatible for Editor in 0.48 ms, found 1 plugins.
Preloading 0 native plugins for Editor in 0.00 ms.
Invoked RoslynAnalysisRunner static constructor.
RoslynAnalysisRunner will not be running.
RoslynAnalysisRunner has terminated.
Mono: successfully reloaded assembly
- Completed reload, in  1.142 seconds
Platform modules already initialized, skipping
Refreshing native plugins compatible for Editor in 0.67 ms, found 1 plugins.
Preloading 0 native plugins for Editor in 0.00 ms.
Unloading 2106 Unused Serialized files (Serialized files now loaded: 0)
System memory in use before: 96.8 MB.
System memory in use after: 97.0 MB.

Unloading 7 unused Assets to reduce memory usage. Loaded Objects now: 2759.
Total: 2.430300 ms (FindLiveObjects: 0.284200 ms CreateObjectMapping: 0.059100 ms MarkObjects: 2.068300 ms  DeleteObjects: 0.017400 ms)

========================================================================
Received Prepare
Registering precompiled user dll's ...
Registered in 0.001273 seconds.
Begin MonoManager ReloadAssembly
Native extension for LinuxStandalone target not found
Native extension for WindowsStandalone target not found
Refreshing native plugins compatible for Editor in 0.46 ms, found 1 plugins.
Preloading 0 native plugins for Editor in 0.00 ms.
Invoked RoslynAnalysisRunner static constructor.
RoslynAnalysisRunner will not be running.
RoslynAnalysisRunner has terminated.
Mono: successfully reloaded assembly
- Completed reload, in  1.131 seconds
Platform modules already initialized, skipping
Refreshing native plugins compatible for Editor in 0.51 ms, found 1 plugins.
Preloading 0 native plugins for Editor in 0.00 ms.
Unloading 2106 Unused Serialized files (Serialized files now loaded: 0)
System memory in use before: 96.8 MB.
System memory in use after: 97.0 MB.

Unloading 7 unused Assets to reduce memory usage. Loaded Objects now: 2763.
Total: 2.897400 ms (FindLiveObjects: 0.455500 ms CreateObjectMapping: 0.102500 ms MarkObjects: 2.318200 ms  DeleteObjects: 0.019600 ms)

========================================================================
Received Prepare
Registering precompiled user dll's ...
Registered in 0.001400 seconds.
Begin MonoManager ReloadAssembly
Native extension for LinuxStandalone target not found
Native extension for WindowsStandalone target not found
Refreshing native plugins compatible for Editor in 0.47 ms, found 1 plugins.
Preloading 0 native plugins for Editor in 0.00 ms.
Invoked RoslynAnalysisRunner static constructor.
RoslynAnalysisRunner will not be running.
RoslynAnalysisRunner has terminated.
Mono: successfully reloaded assembly
- Completed reload, in  1.143 seconds
Platform modules already initialized, skipping
Refreshing native plugins compatible for Editor in 0.48 ms, found 1 plugins.
Preloading 0 native plugins for Editor in 0.00 ms.
Unloading 2106 Unused Serialized files (Serialized files now loaded: 0)
System memory in use before: 96.8 MB.
System memory in use after: 97.1 MB.

Unloading 7 unused Assets to reduce memory usage. Loaded Objects now: 2767.
Total: 3.083100 ms (FindLiveObjects: 0.517000 ms CreateObjectMapping: 0.126200 ms MarkObjects: 2.417700 ms  DeleteObjects: 0.020000 ms)

========================================================================
Received Import Request.
  Time since last request: 13073.280563 seconds.
  path: Assets/Scripts/Ghost_IA.cs
  artifactKey: Guid(a4019b50198d21141b86afe23e6e3c61) Importer(815301076,1909f56bfc062723c751e8b465ee728b)
Start importing Assets/Scripts/Ghost_IA.cs using Guid(a4019b50198d21141b86afe23e6e3c61) Importer(815301076,1909f56bfc062723c751e8b465ee728b)  -> (artifact id: '2c7224b97a3bae0408cd2ab9943fdfac') in 0.051817 seconds
  Import took 0.055731 seconds .

========================================================================
Received Prepare
Registering precompiled user dll's ...
Registered in 0.001385 seconds.
Begin MonoManager ReloadAssembly
Native extension for LinuxStandalone target not found
Native extension for WindowsStandalone target not found
Refreshing native plugins compatible for Editor in 1.00 ms, found 1 plugins.
Preloading 0 native plugins for Editor in 0.00 ms.
Invoked RoslynAnalysisRunner static constructor.
RoslynAnalysisRunner will not be running.
RoslynAnalysisRunner has terminated.
Mono: successfully reloaded assembly
- Completed reload, in  1.187 seconds
Platform modules already initialized, skipping
Refreshing native plugins compatible for Editor in 0.48 ms, found 1 plugins.
Preloading 0 native plugins for Editor in 0.00 ms.
Unloading 2106 Unused Serialized files (Serialized files now loaded: 0)
System memory in use before: 96.9 MB.
System memory in use after: 97.1 MB.

Unloading 7 unused Assets to reduce memory usage. Loaded Objects now: 2771.
Total: 2.798800 ms (FindLiveObjects: 0.429600 ms CreateObjectMapping: 0.062900 ms MarkObjects: 2.285900 ms  DeleteObjects: 0.018600 ms)

========================================================================
Received Prepare
Registering precompiled user dll's ...
Registered in 0.003251 seconds.
Begin MonoManager ReloadAssembly
Native extension for LinuxStandalone target not found
Native extension for WindowsStandalone target not found
Refreshing native plugins compatible for Editor in 1.44 ms, found 1 plugins.
Preloading 0 native plugins for Editor in 0.00 ms.
Invoked RoslynAnalysisRunner static constructor.
RoslynAnalysisRunner will not be running.
RoslynAnalysisRunner has terminated.
Mono: successfully reloaded assembly
- Completed reload, in  1.517 seconds
Platform modules already initialized, skipping
Refreshing native plugins compatible for Editor in 0.71 ms, found 1 plugins.
Preloading 0 native plugins for Editor in 0.00 ms.
Unloading 2106 Unused Serialized files (Serialized files now loaded: 0)
System memory in use before: 96.9 MB.
System memory in use after: 97.1 MB.

Unloading 7 unused Assets to reduce memory usage. Loaded Objects now: 2775.
Total: 4.525100 ms (FindLiveObjects: 0.673600 ms CreateObjectMapping: 0.189400 ms MarkObjects: 3.637300 ms  DeleteObjects: 0.022500 ms)

AssetImportWorkerClient::OnTransportError - code=2 error=End of file
